# JRE version: OpenJDK Runtime Environment Temurin-19.0.2+7 (19.0.2+7) (build 19.0.2+7)
# Java VM: OpenJDK 64-Bit Server VM Temurin-19.0.2+7 (19.0.2+7, mixed mode, tiered, compressed oops, compressed class ptrs, g1 gc, windows-amd64)
GC Precious Log:
 CardTable entry size: 512
 Card Set container configuration: InlinePtr #cards 5 size 8 Array Of Cards #cards 12 size 40 Howl #buckets 4 coarsen threshold 1843 Howl Bitmap #cards 512 size 80 coarsen threshold 460 Card regions per heap region 1 cards per card region 2048
 CPUs: 4 total, 4 available
 Memory: 7866M
 Large Page Support: Disabled
 NUMA Support: Disabled
 Compressed Oops: Enabled (32-bit)
 Heap Region Size: 1M
 Heap Min Capacity: 8M
 Heap Initial Capacity: 124M
 Heap Max Capacity: 1968M
 Pre-touch: Disabled
 Parallel Workers: 4
 Concurrent Workers: 1
 Concurrent Refinement Workers: 4
 Periodic GC: Disabled
Heap:
 garbage-first heap   total 112640K, used 85323K [0x0000000085000000, 0x0000000100000000)
  region size 1024K, 49 young (50176K), 0 survivors (0K)
 Metaspace       used 91027K, committed 91776K, reserved 1179648K
  class space    used 11219K, committed 11584K, reserved 1048576K
GC Heap History (20 events):
Event: 7.617 GC heap before
{Heap before GC invocations=18 (full 0):
 garbage-first heap   total 75776K, used 59879K [0x0000000085000000, 0x0000000100000000)
  region size 1024K, 32 young (32768K), 2 survivors (2048K)
 Metaspace       used 47639K, committed 48192K, reserved 1114112K
  class space    used 5253K, committed 5504K, reserved 1048576K
}
Event: 7.622 GC heap after
{Heap after GC invocations=19 (full 0):
 garbage-first heap   total 177152K, used 29634K [0x0000000085000000, 0x0000000100000000)
  region size 1024K, 2 young (2048K), 2 survivors (2048K)
 Metaspace       used 47639K, committed 48192K, reserved 1114112K
  class space    used 5253K, committed 5504K, reserved 1048576K
}
Event: 9.094 GC heap before
{Heap before GC invocations=19 (full 0):
 garbage-first heap   total 177152K, used 125890K [0x0000000085000000, 0x0000000100000000)
  region size 1024K, 96 young (98304K), 2 survivors (2048K)
 Metaspace       used 56916K, committed 57408K, reserved 1114112K
  class space    used 6631K, committed 6848K, reserved 1048576K
}
Event: 9.104 GC heap after
{Heap after GC invocations=20 (full 0):
 garbage-first heap   total 177152K, used 31420K [0x0000000085000000, 0x0000000100000000)
  region size 1024K, 4 young (4096K), 4 survivors (4096K)
 Metaspace       used 56916K, committed 57408K, reserved 1114112K
  class space    used 6631K, committed 6848K, reserved 1048576K
}
Event: 9.601 GC heap before
{Heap before GC invocations=20 (full 0):
 garbage-first heap   total 177152K, used 61116K [0x0000000085000000, 0x0000000100000000)
  region size 1024K, 35 young (35840K), 4 survivors (4096K)
 Metaspace       used 59707K, committed 60160K, reserved 1114112K
  class space    used 6961K, committed 7168K, reserved 1048576K
}
Event: 9.608 GC heap after
{Heap after GC invocations=21 (full 0):
 garbage-first heap   total 177152K, used 32095K [0x0000000085000000, 0x0000000100000000)
  region size 1024K, 5 young (5120K), 5 survivors (5120K)
 Metaspace       used 59707K, committed 60160K, reserved 1114112K
  class space    used 6961K, committed 7168K, reserved 1048576K
}
Event: 10.614 GC heap before
{Heap before GC invocations=22 (full 0):
 garbage-first heap   total 112640K, used 90463K [0x0000000085000000, 0x0000000100000000)
  region size 1024K, 66 young (67584K), 5 survivors (5120K)
 Metaspace       used 66723K, committed 67264K, reserved 1114112K
  class space    used 8134K, committed 8384K, reserved 1048576K
}
Event: 10.621 GC heap after
{Heap after GC invocations=23 (full 0):
 garbage-first heap   total 112640K, used 29595K [0x0000000085000000, 0x0000000100000000)
  region size 1024K, 5 young (5120K), 5 survivors (5120K)
 Metaspace       used 66723K, committed 67264K, reserved 1114112K
  class space    used 8134K, committed 8384K, reserved 1048576K
}
Event: 10.636 GC heap before
{Heap before GC invocations=23 (full 0):
 garbage-first heap   total 112640K, used 30619K [0x0000000085000000, 0x0000000100000000)
  region size 1024K, 6 young (6144K), 5 survivors (5120K)
 Metaspace       used 66839K, committed 67392K, reserved 1114112K
  class space    used 8153K, committed 8384K, reserved 1048576K
}
Event: 10.642 GC heap after
{Heap after GC invocations=24 (full 0):
 garbage-first heap   total 112640K, used 30353K [0x0000000085000000, 0x0000000100000000)
  region size 1024K, 1 young (1024K), 1 survivors (1024K)
 Metaspace       used 66839K, committed 67392K, reserved 1114112K
  class space    used 8153K, committed 8384K, reserved 1048576K
}
Event: 11.434 GC heap before
{Heap before GC invocations=24 (full 0):
 garbage-first heap   total 112640K, used 91793K [0x0000000085000000, 0x0000000100000000)
  region size 1024K, 62 young (63488K), 1 survivors (1024K)
 Metaspace       used 72717K, committed 73344K, reserved 1114112K
  class space    used 8838K, committed 9152K, reserved 1048576K
}
Event: 11.440 GC heap after
{Heap after GC invocations=25 (full 0):
 garbage-first heap   total 112640K, used 32795K [0x0000000085000000, 0x0000000100000000)
  region size 1024K, 4 young (4096K), 4 survivors (4096K)
 Metaspace       used 72717K, committed 73344K, reserved 1114112K
  class space    used 8838K, committed 9152K, reserved 1048576K
}
Event: 12.181 GC heap before
{Heap before GC invocations=25 (full 0):
 garbage-first heap   total 112640K, used 91163K [0x0000000085000000, 0x0000000100000000)
  region size 1024K, 62 young (63488K), 4 survivors (4096K)
 Metaspace       used 77413K, committed 78080K, reserved 1179648K
  class space    used 9578K, committed 9920K, reserved 1048576K
}
Event: 12.190 GC heap after
{Heap after GC invocations=26 (full 0):
 garbage-first heap   total 112640K, used 35206K [0x0000000085000000, 0x0000000100000000)
  region size 1024K, 6 young (6144K), 6 survivors (6144K)
 Metaspace       used 77413K, committed 78080K, reserved 1179648K
  class space    used 9578K, committed 9920K, reserved 1048576K
}
Event: 20.424 GC heap before
{Heap before GC invocations=26 (full 0):
 garbage-first heap   total 112640K, used 92550K [0x0000000085000000, 0x0000000100000000)
  region size 1024K, 62 young (63488K), 6 survivors (6144K)
 Metaspace       used 82290K, committed 82944K, reserved 1179648K
  class space    used 10214K, committed 10496K, reserved 1048576K
}
Event: 20.439 GC heap after
{Heap after GC invocations=27 (full 0):
 garbage-first heap   total 112640K, used 37744K [0x0000000085000000, 0x0000000100000000)
  region size 1024K, 5 young (5120K), 5 survivors (5120K)
 Metaspace       used 82290K, committed 82944K, reserved 1179648K
  class space    used 10214K, committed 10496K, reserved 1048576K
}
Event: 23.470 GC heap before
{Heap before GC invocations=27 (full 0):
 garbage-first heap   total 112640K, used 92016K [0x0000000085000000, 0x0000000100000000)
  region size 1024K, 59 young (60416K), 5 survivors (5120K)
 Metaspace       used 89695K, committed 90368K, reserved 1179648K
  class space    used 11058K, committed 11392K, reserved 1048576K
}
Event: 23.497 GC heap after
{Heap after GC invocations=28 (full 0):
 garbage-first heap   total 112640K, used 40521K [0x0000000085000000, 0x0000000100000000)
  region size 1024K, 6 young (6144K), 6 survivors (6144K)
 Metaspace       used 89695K, committed 90368K, reserved 1179648K
  class space    used 11058K, committed 11392K, reserved 1048576K
}
Event: 46.295 GC heap before
{Heap before GC invocations=28 (full 0):
 garbage-first heap   total 112640K, used 54857K [0x0000000085000000, 0x0000000100000000)
  region size 1024K, 21 young (21504K), 6 survivors (6144K)
 Metaspace       used 90818K, committed 91584K, reserved 1179648K
  class space    used 11201K, committed 11584K, reserved 1048576K
}
Event: 46.369 GC heap after
{Heap after GC invocations=29 (full 1):
 garbage-first heap   total 112640K, used 36171K [0x0000000085000000, 0x0000000100000000)
  region size 1024K, 0 young (0K), 0 survivors (0K)
 Metaspace       used 90818K, committed 91584K, reserved 1179648K
  class space    used 11201K, committed 11584K, reserved 1048576K
}

